
ROM used:   1541/8192 (19%)
            1541/8192 (19%) including unused fragments

            1.0 Average locations per line
            4.5 Average locations per statement

RAM used:   17/368 (5%) at main() level
            33/368 (9%) worst case

Stack used: 6 worst case (6 in main + 0 for interrupts)
Stack size: 8

Lines Stmts  %   Files
----- ----- ---  -----
  265   187  55  LightControlOverTime.c
   30     0   0  LightControlOverTime.h
  671     0   0  ..\..\..\..\..\..\Program Files (x86)\PICC\Devices\16F877A.h
  456   100  29  ..\..\..\..\..\..\Program Files (x86)\PICC\Drivers\LCD.C
  143    53  16  ..\..\..\..\..\..\Program Files (x86)\PICC\Drivers\DS1302.c
----- -----
 1565   340 Total

Page ROM  %  RAM   Vol Diff  Functions:
---- --- --- ---   --- ----  ----------
0     20   1    1             @delay_ms1
 Inline         3   760  4.5  lcd_read_byte
0     49   3    2   262  3.7  lcd_read_nibble
0     48   3    1   399  2.4  lcd_send_nibble
0     96   6    3   415  3.7  lcd_send_byte
0     68   4    6   852  6.2  lcd_init
0     18   1    4   208  6.3  lcd_gotoxy
0     44   3    1   354  4.7  lcd_putc
0     24   2    2   211  4.5  write_ds1302_byte
0     15   1    2   104  2.0  write_ds1302
0     58   4    3   414  5.0  read_ds1302
0     39   3    2   254  3.7  rtc_init
0     21   1    3             @DIV88
 Inline         2             @MUL88
0     56   4    4   160  4.5  rm_bcd
 Inline         4   186  3.3  rtc_get_time
0    161  10    1   762  4.3  MAIN
0     87   6    6             @PRINTF_D0_645
0     10   1    0             @const728
0     87   6    5             @PSTRINGCN7_645
0     36   2    3   245  3.7  LED_Control
0    117   8    0   494  2.8  Show_Time
0      3   0    0             @const732
0     86   6    4             @PSTRINGC7_645
0     10   1    0             @const734
0    128   8    0   882  3.8  Set_Time_Mod
0      4   0    0             @const736
0      4   0    0             @const737
0      4   0    0             @const738
0      4   0    0             @const739
0      4   0    0             @const740
0      4   0    0             @const741
0      4   0    0             @const742
0    228  15    1  2940  5.4  Set_Time
 Inline         0             @cinit1

Program metrics:
    Functions               18
    Statements              340
    Comments                250
    Volume (V)              16180
    Difficulty (D)          72.0
    Effort to implement (E) 1164207
    Time to implement (T)   17 hours, 58 minutes
    Est Delivered Bugs (B)  4
    Cyclomatic Complexity   52
    Maintainability (MI)    63

 Segment     Used  Free
-----------  ----  ----
00000-00003     4  0  
00004-007FF  1537  507  
00800-00FFF     0  2048  
01000-017FF     0  2048  
01800-01FFF     0  2048  



